<?xml version="1.0" encoding="UTF-8"?>
<!-- Generated by org.testng.reporters.JUnitReportReporter -->
<testsuite hostname="PranTiCK" failures="0" tests="1" name="testcases.HomePageTest" time="47.884" errors="0" timestamp="2023-07-25T14:17:47 BDT" skipped="0">
  <testcase classname="testcases.HomePageTest" name="TestHomePageTitle" time="47.884"/>
  <system-out/>
</testsuite> <!-- testcases.HomePageTest -->
