<?xml version="1.0" encoding="UTF-8"?>
<!-- Generated by org.testng.reporters.JUnitReportReporter -->
<testsuite hostname="PranTiCK" failures="0" tests="1" name="locator.Locator_learning_Advance" time="10.309" errors="0" timestamp="2023-07-17T22:28:59 BDT" skipped="0">
  <testcase classname="locator.Locator_learning_Advance" name="LocateRadioButton2ByXpath" time="10.309"/>
  <system-out/>
</testsuite> <!-- locator.Locator_learning_Advance -->
