<?xml version="1.0" encoding="UTF-8"?>
<!-- Generated by org.testng.reporters.JUnitReportReporter -->
<testsuite hostname="PranTiCK" failures="0" tests="2" name="handle_web_element.NewTest" time="0.009" errors="0" timestamp="2023-07-18T00:09:43 BDT" skipped="0">
  <testcase classname="handle_web_element.NewTest" name="test1" time="0.006"/>
  <system-out/>
  <testcase classname="handle_web_element.NewTest" name="test2" time="0.003"/>
  <system-out/>
</testsuite> <!-- handle_web_element.NewTest -->
