<?xml version="1.0" encoding="UTF-8"?>
<!-- Generated by org.testng.reporters.JUnitReportReporter -->
<testsuite hostname="PranTiCK" failures="0" tests="1" name="locator.MyFistWebTest" time="29.725" errors="0" timestamp="2023-07-17T13:09:00 BDT" skipped="0">
  <testcase classname="locator.MyFistWebTest" name="searchkey" time="29.725"/>
  <system-out/>
</testsuite> <!-- locator.MyFistWebTest -->
