<?xml version="1.0" encoding="UTF-8"?>
<!-- Generated by org.testng.reporters.JUnitReportReporter -->
<testsuite hostname="PranTiCK" failures="0" tests="1" name="utilities.DriverSetup" time="2.703" errors="0" timestamp="2023-07-17T00:48:52 BDT" skipped="0">
  <testcase classname="utilities.DriverSetup" name="setDriver" time="2.703"/>
  <system-out/>
</testsuite> <!-- utilities.DriverSetup -->
