<?xml version="1.0" encoding="UTF-8"?>
<!-- Generated by org.testng.reporters.JUnitReportReporter -->
<testsuite hostname="PranTiCK" failures="0" tests="2" name="handle_web_element.TC01TestNGExample" time="0.008" errors="0" timestamp="2023-07-18T15:26:57 BDT" skipped="0">
  <testcase classname="handle_web_element.TC01TestNGExample" name="testCase2" time="0.007"/>
  <system-out/>
  <testcase classname="handle_web_element.TC01TestNGExample" name="testCase1" time="0.001"/>
  <system-out/>
</testsuite> <!-- handle_web_element.TC01TestNGExample -->
