<?xml version="1.0" encoding="UTF-8"?>
<!-- Generated by org.testng.reporters.JUnitReportReporter -->
<testsuite hostname="PranTiCK" failures="0" tests="1" name="handle_web_element.TC02Get_Navigate" time="12.160" errors="0" timestamp="2023-07-18T16:24:40 BDT" skipped="0">
  <testcase classname="handle_web_element.TC02Get_Navigate" name="handleBrowserWindow" time="12.160"/>
  <system-out/>
</testsuite> <!-- handle_web_element.TC02Get_Navigate -->
