<?xml version="1.0" encoding="UTF-8"?>
<!-- Generated by org.testng.reporters.JUnitReportReporter -->
<testsuite hostname="PranTiCK" failures="0" tests="1" name="handle_web_element.TC04_SelectTag_Dropdown" time="9.102" errors="0" timestamp="2023-07-20T03:16:01 BDT" skipped="0">
  <testcase classname="handle_web_element.TC04_SelectTag_Dropdown" name="dropDownBySelectClass" time="9.102"/>
  <system-out/>
</testsuite> <!-- handle_web_element.TC04_SelectTag_Dropdown -->
