<?xml version="1.0" encoding="UTF-8"?>
<!-- Generated by org.testng.reporters.JUnitReportReporter -->
<testsuite hostname="PranTiCK" failures="0" tests="1" name="handle_web_element.TC03_iFrameCheckBoxRadioButton" time="8.088" errors="0" timestamp="2023-07-20T01:15:56 BDT" skipped="0">
  <testcase classname="handle_web_element.TC03_iFrameCheckBoxRadioButton" name="iframeTest2" time="8.088"/>
  <system-out/>
</testsuite> <!-- handle_web_element.TC03_iFrameCheckBoxRadioButton -->
