<?xml version="1.0" encoding="UTF-8"?>
<!-- Generated by org.testng.reporters.JUnitReportReporter -->
<testsuite hostname="PranTiCK" failures="0" tests="1" name="handle_web_element.TC05_Action" time="14.021" errors="0" timestamp="2023-07-20T17:38:12 BDT" skipped="0">
  <testcase classname="handle_web_element.TC05_Action" name="testActionClass" time="14.021"/>
  <system-out/>
</testsuite> <!-- handle_web_element.TC05_Action -->
