<?xml version="1.0" encoding="UTF-8"?>
<!-- Generated by org.testng.reporters.JUnitReportReporter -->
<testsuite hostname="PranTiCK" failures="0" tests="1" name="test_moblie.TestDialerApp" time="10.685" errors="0" timestamp="2023-08-19T22:27:43 BDT" skipped="0">
  <testcase classname="test_moblie.TestDialerApp" name="test_genaral_store_apk" time="10.685"/>
  <system-out/>
</testsuite> <!-- test_moblie.TestDialerApp -->
